# JRE version: Java(TM) SE Runtime Environment (8.0_172-b11) (build 1.8.0_172-b11)
# Java VM: Java HotSpot(TM) 64-Bit Server VM (25.172-b11 mixed mode bsd-amd64 compressed oops)
Heap:
 PSYoungGen      total 162816K, used 150168K [0x00000007b5580000, 0x00000007c0000000, 0x00000007c0000000)
  eden space 151040K, 96% used [0x00000007b5580000,0x00000007be4799d0,0x00000007be900000)
  from space 11776K, 31% used [0x00000007be900000,0x00000007becac8f0,0x00000007bf480000)
  to   space 11776K, 0% used [0x00000007bf480000,0x00000007bf480000,0x00000007c0000000)
 ParOldGen       total 132608K, used 74588K [0x00000007a0000000, 0x00000007a8180000, 0x00000007b5580000)
  object space 132608K, 56% used [0x00000007a0000000,0x00000007a48d7060,0x00000007a8180000)
 Metaspace       used 10316K, capacity 10604K, committed 10880K, reserved 1058816K
  class space    used 1203K, capacity 1280K, committed 1408K, reserved 1048576K
GC Heap History (10 events):
Event: 3415.432 GC heap before
{Heap before GC invocations=378 (full 15):
 PSYoungGen      total 161280K, used 158137K [0x00000007b5580000, 0x00000007c0000000, 0x00000007c0000000)
  eden space 149504K, 100% used [0x00000007b5580000,0x00000007be780000,0x00000007be780000)
  from space 11776K, 73% used [0x00000007bf380000,0x00000007bfbee508,0x00000007bff00000)
  to   space 12288K, 0% used [0x00000007be780000,0x00000007be780000,0x00000007bf380000)
 ParOldGen       total 132608K, used 50865K [0x00000007a0000000, 0x00000007a8180000, 0x00000007b5580000)
  object space 132608K, 38% used [0x00000007a0000000,0x00000007a31ac780,0x00000007a8180000)
 Metaspace       used 10316K, capacity 10604K, committed 10880K, reserved 1058816K
  class space    used 1203K, capacity 1280K, committed 1408K, reserved 1048576K
Event: 3415.434 GC heap after
Heap after GC invocations=378 (full 15):
 PSYoungGen      total 161792K, used 8459K [0x00000007b5580000, 0x00000007bff80000, 0x00000007c0000000)
  eden space 149504K, 0% used [0x00000007b5580000,0x00000007b5580000,0x00000007be780000)
  from space 12288K, 68% used [0x00000007be780000,0x00000007befc2da8,0x00000007bf380000)
  to   space 11776K, 0% used [0x00000007bf400000,0x00000007bf400000,0x00000007bff80000)
 ParOldGen       total 132608K, used 56973K [0x00000007a0000000, 0x00000007a8180000, 0x00000007b5580000)
  object space 132608K, 42% used [0x00000007a0000000,0x00000007a37a3550,0x00000007a8180000)
 Metaspace       used 10316K, capacity 10604K, committed 10880K, reserved 1058816K
  class space    used 1203K, capacity 1280K, committed 1408K, reserved 1048576K
}
Event: 3415.572 GC heap before
{Heap before GC invocations=379 (full 15):
 PSYoungGen      total 161792K, used 157963K [0x00000007b5580000, 0x00000007bff80000, 0x00000007c0000000)
  eden space 149504K, 100% used [0x00000007b5580000,0x00000007be780000,0x00000007be780000)
  from space 12288K, 68% used [0x00000007be780000,0x00000007befc2da8,0x00000007bf380000)
  to   space 11776K, 0% used [0x00000007bf400000,0x00000007bf400000,0x00000007bff80000)
 ParOldGen       total 132608K, used 56973K [0x00000007a0000000, 0x00000007a8180000, 0x00000007b5580000)
  object space 132608K, 42% used [0x00000007a0000000,0x00000007a37a3550,0x00000007a8180000)
 Metaspace       used 10316K, capacity 10604K, committed 10880K, reserved 1058816K
  class space    used 1203K, capacity 1280K, committed 1408K, reserved 1048576K
Event: 3415.574 GC heap after
Heap after GC invocations=379 (full 15):
 PSYoungGen      total 162304K, used 7194K [0x00000007b5580000, 0x00000007bff80000, 0x00000007c0000000)
  eden space 150528K, 0% used [0x00000007b5580000,0x00000007b5580000,0x00000007be880000)
  from space 11776K, 61% used [0x00000007bf400000,0x00000007bfb069c0,0x00000007bff80000)
  to   space 11776K, 0% used [0x00000007be880000,0x00000007be880000,0x00000007bf400000)
 ParOldGen       total 132608K, used 57805K [0x00000007a0000000, 0x00000007a8180000, 0x00000007b5580000)
  object space 132608K, 43% used [0x00000007a0000000,0x00000007a3873550,0x00000007a8180000)
 Metaspace       used 10316K, capacity 10604K, committed 10880K, reserved 1058816K
  class space    used 1203K, capacity 1280K, committed 1408K, reserved 1048576K
}
Event: 3415.689 GC heap before
{Heap before GC invocations=380 (full 15):
 PSYoungGen      total 162304K, used 157722K [0x00000007b5580000, 0x00000007bff80000, 0x00000007c0000000)
  eden space 150528K, 100% used [0x00000007b5580000,0x00000007be880000,0x00000007be880000)
  from space 11776K, 61% used [0x00000007bf400000,0x00000007bfb069c0,0x00000007bff80000)
  to   space 11776K, 0% used [0x00000007be880000,0x00000007be880000,0x00000007bf400000)
 ParOldGen       total 132608K, used 57805K [0x00000007a0000000, 0x00000007a8180000, 0x00000007b5580000)
  object space 132608K, 43% used [0x00000007a0000000,0x00000007a3873550,0x00000007a8180000)
 Metaspace       used 10316K, capacity 10604K, committed 10880K, reserved 1058816K
  class space    used 1203K, capacity 1280K, committed 1408K, reserved 1048576K
Event: 3415.691 GC heap after
Heap after GC invocations=380 (full 15):
 PSYoungGen      total 162304K, used 8553K [0x00000007b5580000, 0x00000007c0000000, 0x00000007c0000000)
  eden space 150528K, 0% used [0x00000007b5580000,0x00000007b5580000,0x00000007be880000)
  from space 11776K, 72% used [0x00000007be880000,0x00000007bf0da700,0x00000007bf400000)
  to   space 11776K, 0% used [0x00000007bf480000,0x00000007bf480000,0x00000007c0000000)
 ParOldGen       total 132608K, used 62516K [0x00000007a0000000, 0x00000007a8180000, 0x00000007b5580000)
  object space 132608K, 47% used [0x00000007a0000000,0x00000007a3d0d2f8,0x00000007a8180000)
 Metaspace       used 10316K, capacity 10604K, committed 10880K, reserved 1058816K
  class space    used 1203K, capacity 1280K, committed 1408K, reserved 1048576K
}
Event: 3415.798 GC heap before
{Heap before GC invocations=381 (full 15):
 PSYoungGen      total 162304K, used 159081K [0x00000007b5580000, 0x00000007c0000000, 0x00000007c0000000)
  eden space 150528K, 100% used [0x00000007b5580000,0x00000007be880000,0x00000007be880000)
  from space 11776K, 72% used [0x00000007be880000,0x00000007bf0da700,0x00000007bf400000)
  to   space 11776K, 0% used [0x00000007bf480000,0x00000007bf480000,0x00000007c0000000)
 ParOldGen       total 132608K, used 62516K [0x00000007a0000000, 0x00000007a8180000, 0x00000007b5580000)
  object space 132608K, 47% used [0x00000007a0000000,0x00000007a3d0d2f8,0x00000007a8180000)
 Metaspace       used 10316K, capacity 10604K, committed 10880K, reserved 1058816K
  class space    used 1203K, capacity 1280K, committed 1408K, reserved 1048576K
Event: 3415.801 GC heap after
Heap after GC invocations=381 (full 15):
 PSYoungGen      total 162816K, used 8522K [0x00000007b5580000, 0x00000007c0000000, 0x00000007c0000000)
  eden space 151040K, 0% used [0x00000007b5580000,0x00000007b5580000,0x00000007be900000)
  from space 11776K, 72% used [0x00000007bf480000,0x00000007bfcd2898,0x00000007c0000000)
  to   space 11776K, 0% used [0x00000007be900000,0x00000007be900000,0x00000007bf480000)
 ParOldGen       total 132608K, used 68544K [0x00000007a0000000, 0x00000007a8180000, 0x00000007b5580000)
  object space 132608K, 51% used [0x00000007a0000000,0x00000007a42f00d8,0x00000007a8180000)
 Metaspace       used 10316K, capacity 10604K, committed 10880K, reserved 1058816K
  class space    used 1203K, capacity 1280K, committed 1408K, reserved 1048576K
}
Event: 3415.913 GC heap before
{Heap before GC invocations=382 (full 15):
 PSYoungGen      total 162816K, used 159562K [0x00000007b5580000, 0x00000007c0000000, 0x00000007c0000000)
  eden space 151040K, 100% used [0x00000007b5580000,0x00000007be900000,0x00000007be900000)
  from space 11776K, 72% used [0x00000007bf480000,0x00000007bfcd2898,0x00000007c0000000)
  to   space 11776K, 0% used [0x00000007be900000,0x00000007be900000,0x00000007bf480000)
 ParOldGen       total 132608K, used 68544K [0x00000007a0000000, 0x00000007a8180000, 0x00000007b5580000)
  object space 132608K, 51% used [0x00000007a0000000,0x00000007a42f00d8,0x00000007a8180000)
 Metaspace       used 10316K, capacity 10604K, committed 10880K, reserved 1058816K
  class space    used 1203K, capacity 1280K, committed 1408K, reserved 1048576K
Event: 3415.915 GC heap after
Heap after GC invocations=382 (full 15):
 PSYoungGen      total 162816K, used 3762K [0x00000007b5580000, 0x00000007c0000000, 0x00000007c0000000)
  eden space 151040K, 0% used [0x00000007b5580000,0x00000007b5580000,0x00000007be900000)
  from space 11776K, 31% used [0x00000007be900000,0x00000007becac8f0,0x00000007bf480000)
  to   space 11776K, 0% used [0x00000007bf480000,0x00000007bf480000,0x00000007c0000000)
 ParOldGen       total 132608K, used 74588K [0x00000007a0000000, 0x00000007a8180000, 0x00000007b5580000)
  object space 132608K, 56% used [0x00000007a0000000,0x00000007a48d7060,0x00000007a8180000)
 Metaspace       used 10316K, capacity 10604K, committed 10880K, reserved 1058816K
  class space    used 1203K, capacity 1280K, committed 1408K, reserved 1048576K
}

